<?xml version="1.0" encoding="UTF-8"?>
<!-- Generated by org.testng.reporters.JUnitReportReporter -->
<testsuite hostname="Vishals-MacBook-Pro.local" name="AutomationTests.Login" tests="1" failures="0" timestamp="14 Oct 2016 06:30:16 GMT" time="5.086" errors="0">
  <testcase name="callLogin" time="5.086" classname="AutomationTests.Login"/>
</testsuite> <!-- AutomationTests.Login -->
