<?xml version="1.0" encoding="UTF-8"?>
<!-- Generated by org.testng.reporters.JUnitReportReporter -->
<testsuite hostname="Vishals-MacBook-Pro.local" name="AutomationTests.MyClass" tests="1" failures="0" timestamp="10 Aug 2016 06:56:37 GMT" time="6.757" errors="0">
  <testcase name="login" time="6.757" classname="AutomationTests.MyClass"/>
</testsuite> <!-- AutomationTests.MyClass -->
