<?xml version="1.0" encoding="UTF-8"?>
<!-- Generated by org.testng.reporters.JUnitReportReporter -->
<testsuite hostname="Vishals-MacBook-Pro.local" name="AutomationTests.Createcrawler" tests="1" failures="0" timestamp="14 Oct 2016 06:30:16 GMT" time="12.491" errors="0">
  <testcase name="testmethod" time="12.491" classname="AutomationTests.Createcrawler"/>
</testsuite> <!-- AutomationTests.Createcrawler -->
