<?xml version="1.0" encoding="UTF-8"?>
<!-- Generated by org.testng.reporters.JUnitReportReporter -->
<testsuite hostname="Vishals-MacBook-Pro.local" name="AutomationTests.CreateProject_negative" tests="1" failures="0" timestamp="14 Oct 2016 06:30:16 GMT" time="3.373" errors="0">
  <testcase name="testMethod" time="3.373" classname="AutomationTests.CreateProject_negative"/>
</testsuite> <!-- AutomationTests.CreateProject_negative -->
