<?xml version="1.0" encoding="UTF-8"?>
<!-- Generated by org.testng.reporters.JUnitReportReporter -->
<testsuite hostname="Vishals-MacBook-Pro.local" name="AutomationTests.Login" tests="1" failures="0" timestamp="14 Oct 2016 08:08:01 GMT" time="4.933" errors="0">
  <testcase name="callLogin" time="4.933" classname="AutomationTests.Login"/>
</testsuite> <!-- AutomationTests.Login -->
