<?xml version="1.0" encoding="UTF-8"?>
<!-- Generated by org.testng.reporters.JUnitReportReporter -->
<testsuite hostname="Vishals-MacBook-Pro.local" name="AutomationTests.CreateProject" tests="1" failures="0" timestamp="14 Oct 2016 08:08:01 GMT" time="3.441" errors="0">
  <testcase name="testmethod" time="3.441" classname="AutomationTests.CreateProject"/>
</testsuite> <!-- AutomationTests.CreateProject -->
