<?xml version="1.0" encoding="UTF-8"?>
<!-- Generated by org.testng.reporters.JUnitReportReporter -->
<testsuite hostname="Vishals-MacBook-Pro.local" name="AutomationTests.Createcrawler" tests="1" failures="0" timestamp="14 Oct 2016 08:08:01 GMT" time="11.980" errors="0">
  <testcase name="testmethod" time="11.980" classname="AutomationTests.Createcrawler"/>
</testsuite> <!-- AutomationTests.Createcrawler -->
